runtime2017/02/13 12:52:01
author : 斎藤ちはる 
title  : むりやり猫の日
url    : http://blog.nogizaka46.com/chiharu.saito/2017/02/036912.php
author : 中田花奈 
title  : ライオンの赤ちゃんカナ？1425
url    : http://blog.nogizaka46.com/kana.nakada/2017/02/036911.php
author : ３期生 
title  : 12人で。中村麗乃
url    : http://blog.nogizaka46.com/third/2017/02/036909.php
author : 運営スタッフ 
title  : 2月12日（日）夜公演　乃木坂46　3期生初公演「3人のプリンシパル」公演日報
url    : http://blog.nogizaka46.com/staff/2017/02/036910.php
author : 相楽伊織 
title  : 凍えるペンギン_(．．*)vol.161
url    : http://blog.nogizaka46.com/iori.sagara/2017/02/036908.php
author : ３期生 
title  : 横断歩道に横たわるネギ
url    : http://blog.nogizaka46.com/third/2017/02/036919.php
author : 北野日奈子 
title  : 需要が見当たらない
url    : http://blog.nogizaka46.com/hinako.kitano/2017/02/036923.php
author : 橋本奈々未 
title  : 花束が部屋に溢れてる
url    : http://blog.nogizaka46.com/nanami.hashimoto/2017/02/036921.php
author : 斎藤ちはる 
title  : 月曜日
url    : http://blog.nogizaka46.com/chiharu.saito/2017/02/036922.php

runtime2017/02/14 17:30:01
author : 若月佑美 
title  : 史上最速
url    : http://blog.nogizaka46.com/yumi.wakatsuki/2017/02/036925.php
runtime2017/02/14 19:00:02
author : 秋元真夏 
title  : みなさんにプレゼント(｡・v・｡)493
url    : http://blog.nogizaka46.com/manatsu.akimoto/2017/02/036926.php
runtime2017/02/14 21:50:02
author : 堀未央奈 
title  : わ！
url    : http://blog.nogizaka46.com/miona.hori/2017/02/036930.php
runtime2017/02/14 22:38:01
author : ３期生 
title  : はーと( ˙꒳˙ )  山下美月
url    : http://blog.nogizaka46.com/third/2017/02/036931.php
runtime2017/02/14 23:18:12
author : 渡辺みり愛 
title  : 同じ色は嫌だ
url    : http://blog.nogizaka46.com/miria.watanabe/2017/02/036929.php
runtime2017/02/15 00:12:02
author : 斎藤ちはる 
title  : バレンタイン。
url    : http://blog.nogizaka46.com/chiharu.saito/2017/02/036932.php
runtime2017/02/15 21:58:02
author : ３期生 
title  : おいしいみるくてぃー 吉田綾乃クリスティー
url    : http://blog.nogizaka46.com/third/2017/02/036935.php
runtime2017/02/16 00:00:02
author : 川後陽菜 
title  : ダークチョコレート
url    : http://blog.nogizaka46.com/hina.kawago/2017/02/036936.php
runtime2017/02/16 00:24:02
author : 斎藤ちはる 
title  : 隙間時間
url    : http://blog.nogizaka46.com/chiharu.saito/2017/02/036939.php
runtime2017/02/16 00:30:01
author : 山崎怜奈 
title  : 賽を振れ
url    : http://blog.nogizaka46.com/rena.yamazaki/2017/02/036938.php
runtime2017/02/16 13:26:01
author : 橋本奈々未 
title  : 22時からみんな大丈夫ー？？
url    : http://blog.nogizaka46.com/nanami.hashimoto/2017/02/036943.php
runtime2017/02/16 16:26:02
author : 鈴木絢音 
title  : ことば
url    : http://blog.nogizaka46.com/ayane.suzuki/2017/02/036940.php
runtime2017/02/16 19:44:01
author : 斎藤ちはる 
title  : 10代ラスト
url    : http://blog.nogizaka46.com/chiharu.saito/2017/02/036946.php
runtime2017/02/16 23:02:02
author : ３期生 
title  : 不思議  与田祐希
url    : http://blog.nogizaka46.com/third/2017/02/036953.php
runtime2017/02/17 00:28:01
author : 斎藤ちはる 
title  : 20歳になりました。
url    : http://blog.nogizaka46.com/chiharu.saito/2017/02/036952.php
runtime2017/02/17 00:38:02
author : 伊藤かりん 
title  : 第245話 たんたんたん牛タンたん
url    : http://blog.nogizaka46.com/karin.itou/2017/02/036954.php
runtime2017/02/17 00:54:02
author : 山崎怜奈 
title  : 17th個別握手会について♪
url    : http://blog.nogizaka46.com/rena.yamazaki/2017/02/036955.php
runtime2017/02/17 12:46:01
author : 相楽伊織 
title  : ドレミファ_(．．*)vol.162
url    : http://blog.nogizaka46.com/iori.sagara/2017/02/036959.php
runtime2017/02/17 18:16:01
author : 伊藤純奈 
title  : 犬派？猫派？
url    : http://blog.nogizaka46.com/junna.itou/2017/02/036960.php
runtime2017/02/17 20:52:01
author : 中田花奈 
title  : 計画性の無さカナ？1426
url    : http://blog.nogizaka46.com/kana.nakada/2017/02/036967.php
runtime2017/02/17 21:22:06
author : 佐々木琴子 
title  : 明日
url    : http://blog.nogizaka46.com/kotoko.sasaki/2017/02/036961.php
runtime2017/02/17 22:32:01
author : ３期生 
title  : 睡眠って大事だね。 伊藤理々杏
url    : http://blog.nogizaka46.com/third/2017/02/036968.php
runtime2017/02/17 23:54:03
author : 斎藤ちはる 
title  : 幸せ者
url    : http://blog.nogizaka46.com/chiharu.saito/2017/02/036978.php
runtime2017/02/18 00:04:02
author : 新内眞衣 
title  : さいたま
url    : http://blog.nogizaka46.com/mai.shinuchi/2017/02/036977.php
runtime2017/02/18 13:28:02
author : 生田絵梨花 
title  : 東京千秋楽〜♪475
url    : http://blog.nogizaka46.com/erika.ikuta/2017/02/036980.php
runtime2017/02/18 16:18:02
author : 和田まあや 
title  : みんなのことが大好き
url    : http://blog.nogizaka46.com/maaya.wada/2017/02/036981.php
runtime2017/02/18 19:08:02
author : 伊藤万理華 
title  : わらった顔がきらい。762回目
url    : http://blog.nogizaka46.com/marika.ito/2017/02/036982.php
runtime2017/02/18 19:36:01
author : ３期生 
title  : もうすぐ春ですね♬ 岩本 蓮加
url    : http://blog.nogizaka46.com/third/2017/02/036979.php
runtime2017/02/18 22:16:01
author : 堀未央奈 
title  : 3.7
url    : http://blog.nogizaka46.com/miona.hori/2017/02/036984.php
runtime2017/02/19 00:10:02
author : 斎藤ちはる 
title  : 嬉しい季節
url    : http://blog.nogizaka46.com/chiharu.saito/2017/02/036985.php
runtime2017/02/19 09:14:01
author : 中田花奈 
title  : ちょっと来てカナ？1427
url    : http://blog.nogizaka46.com/kana.nakada/2017/02/036986.php
runtime2017/02/19 10:24:01
author : 樋口日奈 
title  : 日だまりのお部屋549*ひなちま
url    : http://blog.nogizaka46.com/hina.higuchi/2017/02/036987.php
runtime2017/02/19 21:48:02
author : 松村沙友理 
title  : 合いの手たちっ(o・・o)
url    : http://blog.nogizaka46.com/sayuri.matsumura/2017/02/036988.php
runtime2017/02/19 23:20:01
author : ３期生 
title  : 夜の冷たさ。梅澤美波
url    : http://blog.nogizaka46.com/third/2017/02/036990.php
runtime2017/02/20 00:44:01
author : 中田花奈 
title  : 万全を期するカナ？1428
url    : http://blog.nogizaka46.com/kana.nakada/2017/02/036992.php
runtime2017/02/20 00:52:01
author : 斉藤優里 
title  : 私はピンク×白
url    : http://blog.nogizaka46.com/yuuri.saito/2017/02/036993.php
runtime2017/02/20 01:02:01
author : 斎藤ちはる 
title  : いよいよ。
url    : http://blog.nogizaka46.com/chiharu.saito/2017/02/036994.php
runtime2017/02/21 00:00:01
author : ３期生 
title  : 夢。大園桃子
url    : http://blog.nogizaka46.com/third/2017/02/036997.php
runtime2017/02/21 00:40:02
author : 斎藤ちはる 
title  : ないものねだり
url    : http://blog.nogizaka46.com/chiharu.saito/2017/02/036999.php
runtime2017/02/21 10:50:01
author : 川後陽菜 
title  : 変わらない関係性
url    : http://blog.nogizaka46.com/hina.kawago/2017/02/037000.php
runtime2017/02/21 13:20:02
author : 中田花奈 
title  : ななみん卒業コンサートカナ？1429
url    : http://blog.nogizaka46.com/kana.nakada/2017/02/037001.php
runtime2017/02/21 23:24:02
author : ３期生 
title  : 記憶。 久保史緒里
url    : http://blog.nogizaka46.com/third/2017/02/037007.php
runtime2017/02/22 01:42:01
author : 斎藤ちはる 
title  : 2日目。
url    : http://blog.nogizaka46.com/chiharu.saito/2017/02/037009.php
runtime2017/02/22 08:32:01
author : 若月佑美 
title  : 盛り沢山だから ゆっくり見てね！！！
url    : http://blog.nogizaka46.com/yumi.wakatsuki/2017/02/037010.php
runtime2017/02/22 17:24:02
author : ３期生 
title  : 祝♡5周年 阪口珠美
url    : http://blog.nogizaka46.com/third/2017/02/037015.php
runtime2017/02/22 23:06:02
author : 橋本奈々未 
title  : 今までありがとうございました！
url    : http://blog.nogizaka46.com/nanami.hashimoto/2017/02/037016.php
runtime2017/02/23 00:58:01
author : 斎藤ちはる 
title  : 5周年
url    : http://blog.nogizaka46.com/chiharu.saito/2017/02/037023.php
runtime2017/02/23 02:48:01
author : 中田花奈 
title  :  5th YEAR BIRTHDAY LIVE 初日レポカナ？1430
url    : http://blog.nogizaka46.com/kana.nakada/2017/02/037024.php
runtime2017/02/23 11:40:02
author : 川後陽菜 
title  : いつのまにか
url    : http://blog.nogizaka46.com/hina.kawago/2017/02/037022.php
runtime2017/02/23 11:46:02
author : 斎藤ちはる 
title  : 5周年
url    : http://blog.nogizaka46.com/chiharu.saito/2017/02/037021.php
runtime2017/02/23 16:04:02
author : 桜井玲香 
title  : 2017.2.23
url    : http://blog.nogizaka46.com/reika.sakurai/2017/02/037027.php
runtime2017/02/23 20:26:03
author : 伊藤万理華 
title  : いま。763回目
url    : http://blog.nogizaka46.com/marika.ito/2017/02/037037.php
runtime2017/02/23 22:48:02
author : 渡辺みり愛 
title  : ハジマリ
url    : http://blog.nogizaka46.com/miria.watanabe/2017/02/037041.php
runtime2017/02/23 23:06:02
author : ３期生 
title  : ビタミンが足りてないっぽい 佐藤楓
url    : http://blog.nogizaka46.com/third/2017/02/037040.php
runtime2017/02/24 01:04:02
author : 斎藤ちはる 
title  : ステージ上から
url    : http://blog.nogizaka46.com/chiharu.saito/2017/02/037042.php
runtime2017/02/24 13:36:01
author : 生駒里奈 
title  : 新しい乃木坂46
url    : http://blog.nogizaka46.com/rina.ikoma/2017/02/037044.php
runtime2017/02/24 16:30:01
author : 中田花奈 
title  : 5th YEAR BIRTHDAY LIVE 2日目レポカナ？1431
url    : http://blog.nogizaka46.com/kana.nakada/2017/02/037048.php
runtime2017/02/24 18:36:01
author : 堀未央奈 
title  : おうちでお弁当を食べるぞ〜
url    : http://blog.nogizaka46.com/miona.hori/2017/02/037049.php
runtime2017/02/24 19:54:02
author : 中田花奈 
title  : ちょっと挟みますカナ？1432
url    : http://blog.nogizaka46.com/kana.nakada/2017/02/037050.php
runtime2017/02/24 21:40:02
author : ３期生 
title  : 体幹鍛えながら歌の練習をしていたらお腹の筋肉痛で笑うと痛いのが最近の悩みです。中村麗乃
url    : http://blog.nogizaka46.com/third/2017/02/037043.php
runtime2017/02/24 21:54:03
author : 秋元真夏 
title  : 228問(｡･ω･)ﾉﾞ494
url    : http://blog.nogizaka46.com/manatsu.akimoto/2017/02/037052.php
runtime2017/02/25 00:00:02
author : 伊藤純奈 
title  : 出会いと別れ
url    : http://blog.nogizaka46.com/junna.itou/2017/02/037056.php
runtime2017/02/25 00:22:02
author : 斎藤ちはる 
title  : いつもの自分とは
url    : http://blog.nogizaka46.com/chiharu.saito/2017/02/037061.php
runtime2017/02/25 15:22:02
author : 井上小百合 
title  : ヽ(｡･ω･｡)さきたま
url    : http://blog.nogizaka46.com/sayuri.inoue/2017/02/037066.php
runtime2017/02/25 18:36:01
author : 松村沙友理 
title  : 告知ですっ(o・・o)
url    : http://blog.nogizaka46.com/sayuri.matsumura/2017/02/037067.php
runtime2017/02/25 20:32:02
author : ３期生 
title  : 強風で飛んでいった長芋。 向井葉月
url    : http://blog.nogizaka46.com/third/2017/02/037068.php
runtime2017/02/25 20:54:01
author : 相楽伊織 
title  : 届かなくない_(．．*)vol.163
url    : http://blog.nogizaka46.com/iori.sagara/2017/02/037069.php
runtime2017/02/25 23:46:02
author : 鈴木絢音 
title  : 2月
url    : http://blog.nogizaka46.com/ayane.suzuki/2017/02/037071.php
runtime2017/02/26 00:04:02
author : 斎藤ちはる 
title  : 可愛い衣装
url    : http://blog.nogizaka46.com/chiharu.saito/2017/02/037070.php
runtime2017/02/26 00:12:02
author : 山崎怜奈 
title  : つむぐ
url    : http://blog.nogizaka46.com/rena.yamazaki/2017/02/037072.php
runtime2017/02/26 12:10:02
author : 中田花奈 
title  : 次に書きますカナ？1433
url    : http://blog.nogizaka46.com/kana.nakada/2017/02/037073.php
runtime2017/02/26 14:02:02
author : 中田花奈 
title  : 5th YEAR BIRTHDAY LIVE 3日目レポカナ？1434
url    : http://blog.nogizaka46.com/kana.nakada/2017/02/037074.php
runtime2017/02/26 16:56:02
author : 伊藤かりん 
title  : 第246話 5さいです。
url    : http://blog.nogizaka46.com/karin.itou/2017/02/037075.php
runtime2017/02/26 21:02:02
author : 寺田蘭世 
title  : 1秒
url    : http://blog.nogizaka46.com/ranze.terada/2017/02/037077.php
runtime2017/02/26 22:40:02
author : ３期生 
title  : たくさん( ˙꒳˙ )   山下美月
url    : http://blog.nogizaka46.com/third/2017/02/037080.php
runtime2017/02/27 00:10:02
author : 和田まあや 
title  : バースデーライブin埼玉スーパーアリーナ
url    : http://blog.nogizaka46.com/maaya.wada/2017/02/037079.php
runtime2017/02/27 00:14:02
author : 斉藤優里 
title  : Thank you!
url    : http://blog.nogizaka46.com/yuuri.saito/2017/02/037081.php
runtime2017/02/27 11:50:01
author : 斎藤ちはる 
title  : スーパースターに
url    : http://blog.nogizaka46.com/chiharu.saito/2017/02/037082.php
runtime2017/02/27 15:28:01
author : 斉藤優里 
title  : おやしらず
url    : http://blog.nogizaka46.com/yuuri.saito/2017/02/037083.php
runtime2017/02/27 20:46:01
author : 中田花奈 
title  : 手短ですみませんカナ？1435
url    : http://blog.nogizaka46.com/kana.nakada/2017/02/037092.php
runtime2017/02/27 21:26:02
author : 生田絵梨花 
title  : バスラ〜♪476
url    : http://blog.nogizaka46.com/erika.ikuta/2017/02/037093.php
runtime2017/02/27 21:44:02
author : 斎藤ちはる 
title  : 風船は生きている
url    : http://blog.nogizaka46.com/chiharu.saito/2017/02/037097.php
runtime2017/02/27 21:58:01
author : 生田絵梨花 
title  : 梅芸〜♪477
url    : http://blog.nogizaka46.com/erika.ikuta/2017/02/037096.php
runtime2017/02/27 22:34:02
author : ３期生 
title  : さむいとあつい 吉田綾乃クリスティー
url    : http://blog.nogizaka46.com/third/2017/02/037100.php
runtime2017/02/28 08:06:01
author : 生駒里奈 
title  : はやく髪の毛のびて〜
url    : http://blog.nogizaka46.com/rina.ikoma/2017/02/037105.php
